TN:
SF:karno\frontend\src\pages\Home.js
FN:4,(anonymous_0)
FN:12,(anonymous_1)
FNF:2
FNH:2
FNDA:2,(anonymous_0)
FNDA:12,(anonymous_1)
DA:4,1
DA:5,2
DA:13,12
LF:3
LH:3
BRF:0
BRH:0
end_of_record
TN:
SF:tests\page-loading.config.js
FNF:0
FNH:0
DA:1,1
LF:1
LH:1
BRF:0
BRH:0
end_of_record
TN:
SF:tests\helpers\page-loading-helpers.js
FN:13,(anonymous_0)
FN:33,(anonymous_1)
FN:42,(anonymous_2)
FN:48,(anonymous_3)
FN:64,(anonymous_4)
FN:89,(anonymous_5)
FN:109,(anonymous_6)
FN:123,(anonymous_7)
FN:141,(anonymous_8)
FN:157,(anonymous_9)
FNF:10
FNH:5
FNDA:2,(anonymous_0)
FNDA:1,(anonymous_1)
FNDA:1,(anonymous_2)
FNDA:1,(anonymous_3)
FNDA:1,(anonymous_4)
FNDA:0,(anonymous_5)
FNDA:0,(anonymous_6)
FNDA:0,(anonymous_7)
FNDA:0,(anonymous_8)
FNDA:0,(anonymous_9)
DA:4,1
DA:13,1
DA:14,2
DA:15,2
DA:17,2
DA:23,2
DA:33,1
DA:34,1
DA:41,1
DA:42,1
DA:48,1
DA:49,1
DA:50,1
DA:51,1
DA:53,1
DA:64,1
DA:66,1
DA:75,1
DA:76,1
DA:78,1
DA:89,1
DA:91,0
DA:109,1
DA:110,0
DA:111,0
DA:112,0
DA:114,0
DA:123,1
DA:124,0
DA:141,1
DA:142,0
DA:144,0
DA:145,0
DA:148,0
DA:149,0
DA:157,1
DA:158,0
DA:159,0
DA:162,0
DA:164,0
DA:166,0
DA:167,0
DA:169,0
LF:43
LH:25
BRDA:15,0,0,0
BRDA:15,0,1,2
BRDA:41,1,0,1
BRDA:41,1,1,1
BRDA:76,2,0,0
BRDA:76,2,1,1
BRDA:79,3,0,1
BRDA:79,3,1,1
BRDA:79,3,2,1
BRDA:79,3,3,1
BRDA:144,4,0,0
BRDA:144,4,1,0
BRDA:148,5,0,0
BRDA:148,5,1,0
BRDA:158,6,0,0
BRDA:158,6,1,0
BRF:16
BRH:8
end_of_record
